C51 COMPILER V7.20   AT_SOURCE                                                             08/09/2009 13:16:46 PAGE 1   


C51 COMPILER V7.20, COMPILATION OF MODULE AT_SOURCE
OBJECT MODULE PLACED IN at_source.OBJ
COMPILER INVOKED BY: C:\Keil\C51\BIN\C51.EXE at_source.c BROWSE DEBUG OBJECTEXTEND

line level    source

   1          
   2          #include <REG2051.h>
   3          
   4          unsigned char c;
   5          unsigned char State[4]={0,0,0,0};
   6          unsigned char StateTimmer[4][4]={{0,0,0,0},{0,0,0,0},
   7                                                                           {0,0,0,0},{0,0,0,0}};
   8          
   9          
  10          #define WaitTime   5
  11          #define RelayTime  5
  12          
  13          sbit Add0 = P3^0;
  14          sbit Add1 = P3^1;
  15          
  16          sbit HK0 = P1^4;
  17          sbit HK1 = P1^5;
  18          sbit HK2 = P1^6;
  19          sbit HK3 = P1^7;
  20          
  21          sbit Rel0 = P1^0;
  22          sbit Rel1 = P1^1;
  23          sbit Rel2 = P1^2;
  24          sbit Rel3 = P1^3;
  25          
  26          sbit Led0 = P3^2; 
  27          sbit Led1 = P3^3; 
  28          sbit Led2 = P3^4;
  29          sbit Led3 = P3^5;
  30          
  31          sbit SPMDetect = P3^7; 
  32          
  33          void Scan(void);
  34          void Wait(void);
  35          void SDelay(void)
  36          {
  37   1      int i=0;
  38   1      while(i<1000)i++;
  39   1      
  40   1      }
  41          void Delay(void)
  42          {
  43   1      int i;
  44   1      while(i<30000) i++;
  45   1      }
  46          
  47          
  48          void LDelay(void)
  49          {
  50   1      unsigned int p=0;
  51   1      while(p<50000)p++;
  52   1      }
  53          void timer0 (void) interrupt 1 
  54            {
  55   1          TF0=0;
C51 COMPILER V7.20   AT_SOURCE                                                             08/09/2009 13:16:46 PAGE 2   

  56   1          c++;                                 
  57   1          if(c==20)                                  
  58   1            {
  59   2                c=0;
  60   2      ////////User0//////////////////////
  61   2                if(StateTimmer[0][0])
  62   2                      StateTimmer[0][1]++;
  63   2                if(StateTimmer[0][2])
  64   2                      StateTimmer[0][3]++;
  65   2      ////////User1//////////////////////
  66   2                if(StateTimmer[1][0])
  67   2                      StateTimmer[1][1]++;
  68   2                if(StateTimmer[1][2])
  69   2                      StateTimmer[1][3]++;
  70   2      ////////User2//////////////////////
  71   2                if(StateTimmer[2][0])
  72   2                      StateTimmer[2][1]++;
  73   2                if(StateTimmer[2][2])
  74   2                      StateTimmer[2][3]++;
  75   2      ////////User3//////////////////////
  76   2                if(StateTimmer[3][0])
  77   2                      StateTimmer[3][1]++;
  78   2                if(StateTimmer[3][2])
  79   2                      StateTimmer[3][3]++;
  80   2                }
  81   1           TH0=0x3C;                      
  82   1           TL0=0xAF;   
  83   1        }
  84          
  85          void main(void)
  86            {
  87   1              TMOD=(TMOD&0xF0)|0x01;                
  88   1              TH0=0x3C;                 
  89   1              TL0=0xAF;
  90   1              ET0=1;                    
  91   1              TR0=1;
  92   1                      EA=1; 
  93   1      
  94   1                      HK0=1;
  95   1                      HK1=1;
  96   1                      HK2=1;
  97   1                      HK3=1;
  98   1      
  99   1                      Rel0=1;
 100   1                      Rel1=1;
 101   1                      Rel2=1;
 102   1                      Rel3=1;
 103   1      
 104   1                      SPMDetect = 1;
 105   1      
 106   1                      Led0=0;
 107   1                      Rel0=0;
 108   1                      LDelay();
 109   1                      Led0=1;
 110   1                      Rel0=1;
 111   1                      Rel1=0;
 112   1                      Led1=0;
 113   1                      LDelay();
 114   1                      Rel1=1;
 115   1                      Rel2=0;
 116   1                      Led1=1;
 117   1                      Led2=0;
C51 COMPILER V7.20   AT_SOURCE                                                             08/09/2009 13:16:46 PAGE 3   

 118   1                      LDelay();
 119   1                      Rel2=1;
 120   1                      Rel3=0;
 121   1                      Led2=1;
 122   1                      Led3=0;
 123   1                      LDelay();
 124   1                      Rel3=1;
 125   1                      Led3=1;
 126   1      
 127   1              while(1){
 128   2                              Scan();
 129   2                              Wait();
 130   2                              }
 131   1                              }
 132          
 133                  void Scan(void)
 134                          {
 135   1      /////////////User0/////////////////////////////////
 136   1                               if((!HK0)&&(!StateTimmer[0][2]))
 137   1                                      {
 138   2                                      Rel0=1;
 139   2                                      Led0=1;
 140   2                                      State[0]=0;
 141   2                                      StateTimmer[0][3]=0;
 142   2                                      StateTimmer[0][2]=0;
 143   2                                      StateTimmer[0][1]=0;
 144   2                                      StateTimmer[0][0]=0;
 145   2                                      }
 146   1                              
 147   1                              else if(State[0]!=2)
 148   1                                      {
 149   2                                      
 150   2                                      State[0]=1;
 151   2                                      }
 152   1      /////////////User1/////////////////////////////////
 153   1                              if((!HK1)&&(!StateTimmer[1][2]))
 154   1                                      {
 155   2                                      Rel1=1;
 156   2                                      Led1=1;
 157   2                                      State[1]=0;
 158   2                                      StateTimmer[1][3]=0;
 159   2                                      StateTimmer[1][2]=0;
 160   2                                      StateTimmer[1][1]=0;
 161   2                                      StateTimmer[1][0]=0;
 162   2                                      }
 163   1                              else if(State[1]!=2)
 164   1                                      {
 165   2                                      
 166   2                                      State[1]=1;
 167   2                                      }
 168   1      /////////////User2/////////////////////////////////
 169   1                              if((!HK2)&&(!StateTimmer[2][2]))
 170   1                                      {
 171   2                                      Rel2=1;
 172   2                                      Led2=1;
 173   2                                      State[2]=0;
 174   2                                      StateTimmer[2][3]=0;
 175   2                                      StateTimmer[2][2]=0;
 176   2                                      StateTimmer[2][1]=0;
 177   2                                      StateTimmer[2][0]=0;
 178   2                                      }
 179   1                              else if(State[2]!=2)
C51 COMPILER V7.20   AT_SOURCE                                                             08/09/2009 13:16:46 PAGE 4   

 180   1                                      {
 181   2                                      
 182   2                                      State[2]=1;
 183   2                                      }
 184   1      /////////////User3/////////////////////////////////
 185   1                              if((!HK3)&&(!StateTimmer[3][2]))
 186   1                                      {
 187   2                                      Rel3=1;
 188   2                                      Led3=1;
 189   2                                      State[3]=0;
 190   2                                      StateTimmer[3][3]=0;
 191   2                                      StateTimmer[3][2]=0;
 192   2                                      StateTimmer[3][1]=0;
 193   2                                      StateTimmer[3][0]=0;
 194   2                                      }
 195   1                              else if(State[3]!=2)
 196   1                                      {
 197   2      
 198   2                                      State[3]=1;
 199   2                                      }
 200   1                      }        
 201             
 202          void Wait(void)
 203           {      
 204   1       int k;
 205   1      
 206   1      /////////////User0/////////////////////////////////
 207   1              if(State[0]==1)
 208   1              {       
 209   2                      if(StateTimmer[0][0])
 210   2                      {
 211   3                              Add0=0;
 212   3                              Add1=0;         //Address=0
 213   3                              SDelay();
 214   3                              k=0;
 215   3                         if(!StateTimmer[0][2])
 216   3                              {
 217   4                                      while(k<1000)
 218   4                                      {
 219   5                                      k++;
 220   5                                      if(!SPMDetect) break;
 221   5                                      }
 222   4                              
 223   4                                      if(!SPMDetect)
 224   4                                              {
 225   5                                              Led0=1;
 226   5                                              Rel0=1;
 227   5                                              State[0]=2;
 228   5                                              StateTimmer[0][0]=0;
 229   5                                              StateTimmer[0][1]=0;
 230   5                                              StateTimmer[0][2]=0;
 231   5                                              StateTimmer[0][3]=0;
 232   5                                              }
 233   4                                      else if(StateTimmer[0][1]>=WaitTime)
 234   4                                              {
 235   5                                              Rel0=0;
 236   5                                              Led0=0;
 237   5                                              StateTimmer[0][2]=1;
 238   5                                              StateTimmer[0][1]=0;
 239   5                                              StateTimmer[0][3]=0;
 240   5                                              }
 241   4                                      
C51 COMPILER V7.20   AT_SOURCE                                                             08/09/2009 13:16:46 PAGE 5   

 242   4                                }
 243   3                                else if(StateTimmer[0][3]>=RelayTime)
 244   3                                      {
 245   4                                      Rel0=1;
 246   4                                      Led0=1;
 247   4                                      State[0]=0;
 248   4                                      StateTimmer[0][3]=0;
 249   4                                      StateTimmer[0][2]=0;
 250   4                                      StateTimmer[0][1]=0;
 251   4                                      StateTimmer[0][0]=0;
 252   4                                      }
 253   3                      }               
 254   2                      else
 255   2                      {
 256   3                              StateTimmer[0][0]=1;
 257   3                              StateTimmer[0][1]=0;  
 258   3                      }
 259   2              }
 260   1      /////////////User1/////////////////////////////////
 261   1              if(State[1]==1)
 262   1              {       
 263   2                      if(StateTimmer[1][0])
 264   2                      {
 265   3                              Add0=1;
 266   3                              Add1=0;         //Address=1
 267   3                              SDelay();
 268   3                              k=0;
 269   3                         if(!StateTimmer[1][2])
 270   3                              {
 271   4                                      while(k<1000)
 272   4                                      {
 273   5                                      k++;
 274   5                                      if(!SPMDetect) break;
 275   5                                      }
 276   4                              
 277   4                                      if(!SPMDetect)
 278   4                                              {
 279   5                                              Led1=1;
 280   5                                              Rel1=1;
 281   5                                              State[1]=2;
 282   5                                              StateTimmer[1][0]=0;
 283   5                                              StateTimmer[1][1]=0;
 284   5                                              StateTimmer[1][2]=0;
 285   5                                              StateTimmer[1][3]=0;
 286   5                                              }
 287   4                                      else if(StateTimmer[1][1]>=WaitTime)
 288   4                                              {
 289   5                                              Rel1=0;
 290   5                                              Led1=0;
 291   5                                              StateTimmer[1][2]=1;
 292   5                                              StateTimmer[1][1]=0;
 293   5                                              StateTimmer[1][3]=0;
 294   5                                              }
 295   4                                      
 296   4                                }
 297   3                        else if(StateTimmer[1][3]>=RelayTime)
 298   3                                      {
 299   4                                      Rel1=1;
 300   4                                      Led1=1;
 301   4                                      State[1]=0;
 302   4                                      StateTimmer[1][3]=0;
 303   4                                      StateTimmer[1][2]=0;
C51 COMPILER V7.20   AT_SOURCE                                                             08/09/2009 13:16:46 PAGE 6   

 304   4                                      StateTimmer[1][1]=0;
 305   4                                      StateTimmer[1][0]=0;
 306   4                                      }
 307   3                        
 308   3                         
 309   3                      }               
 310   2                      else
 311   2                      {
 312   3                              StateTimmer[1][0]=1;
 313   3                              StateTimmer[1][1]=0;  
 314   3                      }
 315   2              }
 316   1      /////////////User2/////////////////////////////////
 317   1              if(State[2]==1)
 318   1              {       
 319   2                      if(StateTimmer[2][0])
 320   2                      {
 321   3                              Add0=0;
 322   3                              Add1=1;         //Address=2
 323   3                              SDelay();
 324   3                              k=0;
 325   3                         if(!StateTimmer[2][2])
 326   3                              {
 327   4                                      while(k<1000)
 328   4                                      {
 329   5                                      k++;
 330   5                                      if(!SPMDetect) break;
 331   5                                      }
 332   4                              
 333   4                                      if(!SPMDetect)
 334   4                                              {
 335   5                                              Led2=1;
 336   5                                              Rel2=1;
 337   5                                              State[2]=2;
 338   5                                              StateTimmer[2][0]=0;
 339   5                                              StateTimmer[2][1]=0;
 340   5                                              StateTimmer[2][2]=0;
 341   5                                              StateTimmer[2][3]=0;
 342   5                                              }
 343   4                                      else if(StateTimmer[2][1]>=WaitTime)
 344   4                                              {
 345   5                                              Rel2=0;
 346   5                                              Led2=0;
 347   5                                              StateTimmer[2][2]=1;
 348   5                                              StateTimmer[2][1]=0;
 349   5                                              StateTimmer[2][3]=0;
 350   5                                              }
 351   4                              
 352   4                                }
 353   3                              else if(StateTimmer[2][3]>=RelayTime)
 354   3                                      {
 355   4                                      Rel2=1;
 356   4                                      Led2=1;
 357   4                                      State[2]=0;
 358   4                                      StateTimmer[2][3]=0;
 359   4                                      StateTimmer[2][2]=0;
 360   4                                      StateTimmer[2][1]=0;
 361   4                                      StateTimmer[2][0]=0;
 362   4                                      }
 363   3                      }               
 364   2                      else
 365   2                      {
C51 COMPILER V7.20   AT_SOURCE                                                             08/09/2009 13:16:46 PAGE 7   

 366   3                              StateTimmer[2][0]=1;
 367   3                              StateTimmer[2][1]=0;  
 368   3                      }
 369   2              }
 370   1      /////////////User3/////////////////////////////////
 371   1              if(State[3]==1)
 372   1              {       
 373   2                      if(StateTimmer[3][0])
 374   2                      {
 375   3                              Add0=1;
 376   3                              Add1=1;         //Address=3
 377   3                              SDelay();
 378   3                              k=0;
 379   3                         if(!StateTimmer[3][2])
 380   3                              {
 381   4                                      while(k<1000)
 382   4                                      {
 383   5                                      k++;
 384   5                                      if(!SPMDetect) break;
 385   5                                      }
 386   4                              
 387   4                                      if(!SPMDetect)
 388   4                                              {
 389   5                                              Led3=1;
 390   5                                              Rel3=1;
 391   5                                              State[3]=2;
 392   5                                              StateTimmer[3][0]=0;
 393   5                                              StateTimmer[3][1]=0;
 394   5                                              StateTimmer[3][2]=0;
 395   5                                              StateTimmer[3][3]=0;
 396   5                                              }
 397   4                                      else if(StateTimmer[3][1]>=WaitTime)
 398   4                                              {
 399   5                                              Rel3=0;
 400   5                                              Led3=0;
 401   5                                              StateTimmer[3][2]=1;
 402   5                                              StateTimmer[3][1]=0;
 403   5                                              StateTimmer[3][3]=0;
 404   5                                              }
 405   4                                      
 406   4                                }
 407   3                         else if(StateTimmer[3][3]>=RelayTime)
 408   3                                      {
 409   4                                      Rel3=1;
 410   4                                      Led3=1;
 411   4                                      State[3]=0;
 412   4                                      StateTimmer[3][3]=0;
 413   4                                      StateTimmer[3][2]=0;
 414   4                                      StateTimmer[3][1]=0;
 415   4                                      StateTimmer[3][0]=0;
 416   4                                      }
 417   3                      }               
 418   2                      else
 419   2                      {
 420   3                              StateTimmer[3][0]=1;
 421   3                              StateTimmer[3][1]=0;  
 422   3                      }
 423   2              }}
 424          
 425                  


C51 COMPILER V7.20   AT_SOURCE                                                             08/09/2009 13:16:46 PAGE 8   

MODULE INFORMATION:   STATIC OVERLAYABLE
   CODE SIZE        =    812    ----
   CONSTANT SIZE    =   ----    ----
   XDATA SIZE       =   ----    ----
   PDATA SIZE       =   ----    ----
   DATA SIZE        =     21       2
   IDATA SIZE       =   ----    ----
   BIT SIZE         =   ----    ----
END OF MODULE INFORMATION.


C51 COMPILATION COMPLETE.  0 WARNING(S),  0 ERROR(S)
