C51 COMPILER V7.20   AT_SOURCE                                                             07/21/2009 08:29:05 PAGE 1   


C51 COMPILER V7.20, COMPILATION OF MODULE AT_SOURCE
OBJECT MODULE PLACED IN at_source.OBJ
COMPILER INVOKED BY: C:\Keil\C51\BIN\C51.EXE at_source.c BROWSE DEBUG OBJECTEXTEND

line level    source

   1          
   2          #include <REG2051.h>
   3          
   4          unsigned char c;
   5          unsigned char State[4]={0,0,0,0};
   6          unsigned char StateTimmer[4][4]={{0,0,0,0},{0,0,0,0},
   7                                                                           {0,0,0,0},{0,0,0,0}};
   8          
   9          
  10          #define WaitTime   5
  11          #define RelayTime  5
  12          
  13          sbit Add0 = P3^0;
  14          sbit Add1 = P3^1;
  15          
  16          sbit HK0 = P1^4;
  17          sbit HK1 = P1^5;
  18          sbit HK2 = P1^6;
  19          sbit HK3 = P1^7;
  20          
  21          sbit Rel0 = P1^0;
  22          sbit Rel1 = P1^1;
  23          sbit Rel2 = P1^2;
  24          sbit Rel3 = P1^3;
  25          
  26          sbit Led0 = P3^2; 
  27          sbit Led1 = P3^3; 
  28          sbit Led2 = P3^4;
  29          sbit Led3 = P3^5;
  30          
  31          sbit SPMDetect = P3^7; 
  32          
  33          void Scan(void);
  34          void Wait(void);
  35          void SDelay(void)
  36          {
  37   1      int i=0;
  38   1      while(i<1000)i++;
  39   1      
  40   1      }
  41          void Delay(void)
  42          {
  43   1      int i;
  44   1      while(i<30000) i++;
  45   1      }
  46          
  47          
  48          void LDelay(void)
  49          {
  50   1      unsigned int p=0;
  51   1      while(p<50000)p++;
  52   1      }
  53          void timer0 (void) interrupt 1 
  54            {
  55   1          TF0=0;
C51 COMPILER V7.20   AT_SOURCE                                                             07/21/2009 08:29:05 PAGE 2   

  56   1          c++;                                 
  57   1          if(c==20)                                  
  58   1            {
  59   2                c=0;
  60   2      ////////User0//////////////////////
  61   2                if(StateTimmer[0][0])
  62   2                      StateTimmer[0][1]++;
  63   2                if(StateTimmer[0][2])
  64   2                      StateTimmer[0][3]++;
  65   2      ////////User1//////////////////////
  66   2                if(StateTimmer[1][0])
  67   2                      StateTimmer[1][1]++;
  68   2                if(StateTimmer[1][2])
  69   2                      StateTimmer[1][3]++;
  70   2      ////////User2//////////////////////
  71   2                if(StateTimmer[2][0])
  72   2                      StateTimmer[2][1]++;
  73   2                if(StateTimmer[2][2])
  74   2                      StateTimmer[2][3]++;
  75   2      ////////User3//////////////////////
  76   2                if(StateTimmer[3][0])
  77   2                      StateTimmer[3][1]++;
  78   2                if(StateTimmer[3][2])
  79   2                      StateTimmer[3][3]++;
  80   2                }
  81   1           TH0=0x3C;                      
  82   1           TL0=0xAF;   
  83   1        }
  84          
  85          void main(void)
  86            {
  87   1              TMOD=(TMOD&0xF0)|0x01;                
  88   1              TH0=0x3C;                 
  89   1              TL0=0xAF;
  90   1              ET0=1;                    
  91   1              TR0=1;
  92   1                      EA=1; 
  93   1      
  94   1                      HK0=1;
  95   1                      HK1=1;
  96   1                      HK2=1;
  97   1                      HK3=1;
  98   1      
  99   1                      Rel0=1;
 100   1                      Rel1=1;
 101   1                      Rel2=1;
 102   1                      Rel3=1;
 103   1      
 104   1                      SPMDetect = 1;
 105   1      
 106   1                      Led0=0;
 107   1                      Rel0=0;
 108   1                      LDelay();
 109   1                      Led0=1;
 110   1                      Rel0=1;
 111   1                      Rel1=0;
 112   1                      Led1=0;
 113   1                      LDelay();
 114   1                      Rel1=1;
 115   1                      Rel2=0;
 116   1                      Led1=1;
 117   1                      Led2=0;
C51 COMPILER V7.20   AT_SOURCE                                                             07/21/2009 08:29:05 PAGE 3   

 118   1                      LDelay();
 119   1                      Rel2=1;
 120   1                      Rel3=0;
 121   1                      Led2=1;
 122   1                      Led3=0;
 123   1                      LDelay();
 124   1                      Rel3=1;
 125   1                      Led3=1;
 126   1      
 127   1              while(1){
 128   2                              Scan();
 129   2                              Wait();
 130   2                              }
 131   1                              }
 132          
 133                  void Scan(void)
 134                          {
 135   1      /////////////User0/////////////////////////////////
 136   1                              if(!HK0)
 137   1                                      {
 138   2                                      Rel0=1;
 139   2                                      Led0=1;
 140   2                                      State[0]=0;
 141   2                                      StateTimmer[0][3]=0;
 142   2                                      StateTimmer[0][2]=0;
 143   2                                      StateTimmer[0][1]=0;
 144   2                                      StateTimmer[0][0]=0;
 145   2                                      }
 146   1                              else if(State[0]!=2)
 147   1                                      {
 148   2                                      
 149   2                                      State[0]=1;
 150   2                                      }
 151   1      /////////////User1/////////////////////////////////
 152   1                              if(!HK1)
 153   1                                      {
 154   2                                      Rel1=1;
 155   2                                      Led1=1;
 156   2                                      State[1]=0;
 157   2                                      StateTimmer[1][3]=0;
 158   2                                      StateTimmer[1][2]=0;
 159   2                                      StateTimmer[1][1]=0;
 160   2                                      StateTimmer[1][0]=0;
 161   2                                      }
 162   1                              else if(State[1]!=2)
 163   1                                      {
 164   2                                      
 165   2                                      State[1]=1;
 166   2                                      }
 167   1      /////////////User2/////////////////////////////////
 168   1                              if(!HK2)
 169   1                                      {
 170   2                                      Rel2=1;
 171   2                                      Led2=1;
 172   2                                      State[2]=0;
 173   2                                      StateTimmer[2][3]=0;
 174   2                                      StateTimmer[2][2]=0;
 175   2                                      StateTimmer[2][1]=0;
 176   2                                      StateTimmer[2][0]=0;
 177   2                                      }
 178   1                              else if(State[2]!=2)
 179   1                                      {
C51 COMPILER V7.20   AT_SOURCE                                                             07/21/2009 08:29:05 PAGE 4   

 180   2                                      
 181   2                                      State[2]=1;
 182   2                                      }
 183   1      /////////////User3/////////////////////////////////
 184   1                              if(!HK3)
 185   1                                      {
 186   2                                      Rel3=1;
 187   2                                      Led3=1;
 188   2                                      State[3]=0;
 189   2                                      StateTimmer[3][3]=0;
 190   2                                      StateTimmer[3][2]=0;
 191   2                                      StateTimmer[3][1]=0;
 192   2                                      StateTimmer[3][0]=0;
 193   2                                      }
 194   1                              else if(State[3]!=2)
 195   1                                      {
 196   2      
 197   2                                      State[3]=1;
 198   2                                      }
 199   1                      }        
 200             
 201          void Wait(void)
 202           {      
 203   1       int k;
 204   1      
 205   1      /////////////User0/////////////////////////////////
 206   1              if(State[0]==1)
 207   1              {       
 208   2                      if(StateTimmer[0][0])
 209   2                      {
 210   3                              Add0=0;
 211   3                              Add1=0;         //Address=0
 212   3                              SDelay();
 213   3                              k=0;
 214   3                         if(!StateTimmer[0][2])
 215   3                              {
 216   4                                      while(k<1000)
 217   4                                      {
 218   5                                      k++;
 219   5                                      if(!SPMDetect) break;
 220   5                                      }
 221   4                              
 222   4                                      if(!SPMDetect)
 223   4                                              {
 224   5                                              Led0=1;
 225   5                                              Rel0=1;
 226   5                                              State[0]=2;
 227   5                                              StateTimmer[0][0]=0;
 228   5                                              StateTimmer[0][1]=0;
 229   5                                              StateTimmer[0][2]=0;
 230   5                                              StateTimmer[0][3]=0;
 231   5                                              }
 232   4                                      else if(StateTimmer[0][1]>=WaitTime)
 233   4                                              {
 234   5                                              Rel0=0;
 235   5                                              Led0=0;
 236   5                                              StateTimmer[0][2]=1;
 237   5                                              StateTimmer[0][1]=0;
 238   5                                              StateTimmer[0][3]=0;
 239   5                                              }
 240   4                                      
 241   4                                }
C51 COMPILER V7.20   AT_SOURCE                                                             07/21/2009 08:29:05 PAGE 5   

 242   3                                else if(StateTimmer[0][3]>=RelayTime)
 243   3                                      {
 244   4                                      Rel0=1;
 245   4                                      Led0=1;
 246   4                                      State[0]=0;
 247   4                                      StateTimmer[0][3]=0;
 248   4                                      StateTimmer[0][2]=0;
 249   4                                      StateTimmer[0][1]=0;
 250   4                                      StateTimmer[0][0]=0;
 251   4                                      }
 252   3                      }               
 253   2                      else
 254   2                      {
 255   3                              StateTimmer[0][0]=1;
 256   3                              StateTimmer[0][1]=0;  
 257   3                      }
 258   2              }
 259   1      /////////////User1/////////////////////////////////
 260   1              if(State[1]==1)
 261   1              {       
 262   2                      if(StateTimmer[1][0])
 263   2                      {
 264   3                              Add0=1;
 265   3                              Add1=0;         //Address=1
 266   3                              SDelay();
 267   3                              k=0;
 268   3                         if(!StateTimmer[1][2])
 269   3                              {
 270   4                                      while(k<1000)
 271   4                                      {
 272   5                                      k++;
 273   5                                      if(!SPMDetect) break;
 274   5                                      }
 275   4                              
 276   4                                      if(!SPMDetect)
 277   4                                              {
 278   5                                              Led1=1;
 279   5                                              Rel1=1;
 280   5                                              State[1]=2;
 281   5                                              StateTimmer[1][0]=0;
 282   5                                              StateTimmer[1][1]=0;
 283   5                                              StateTimmer[1][2]=0;
 284   5                                              StateTimmer[1][3]=0;
 285   5                                              }
 286   4                                      else if(StateTimmer[1][1]>=WaitTime)
 287   4                                              {
 288   5                                              Rel1=0;
 289   5                                              Led1=0;
 290   5                                              StateTimmer[1][2]=1;
 291   5                                              StateTimmer[1][1]=0;
 292   5                                              StateTimmer[1][3]=0;
 293   5                                              }
 294   4                                      
 295   4                                }
 296   3                        else if(StateTimmer[1][3]>=RelayTime)
 297   3                                      {
 298   4                                      Rel1=1;
 299   4                                      Led1=1;
 300   4                                      State[1]=0;
 301   4                                      StateTimmer[1][3]=0;
 302   4                                      StateTimmer[1][2]=0;
 303   4                                      StateTimmer[1][1]=0;
C51 COMPILER V7.20   AT_SOURCE                                                             07/21/2009 08:29:05 PAGE 6   

 304   4                                      StateTimmer[1][0]=0;
 305   4                                      }
 306   3                        
 307   3                         
 308   3                      }               
 309   2                      else
 310   2                      {
 311   3                              StateTimmer[1][0]=1;
 312   3                              StateTimmer[1][1]=0;  
 313   3                      }
 314   2              }
 315   1      /////////////User2/////////////////////////////////
 316   1              if(State[2]==1)
 317   1              {       
 318   2                      if(StateTimmer[2][0])
 319   2                      {
 320   3                              Add0=0;
 321   3                              Add1=1;         //Address=2
 322   3                              SDelay();
 323   3                              k=0;
 324   3                         if(!StateTimmer[2][2])
 325   3                              {
 326   4                                      while(k<1000)
 327   4                                      {
 328   5                                      k++;
 329   5                                      if(!SPMDetect) break;
 330   5                                      }
 331   4                              
 332   4                                      if(!SPMDetect)
 333   4                                              {
 334   5                                              Led2=1;
 335   5                                              Rel2=1;
 336   5                                              State[2]=2;
 337   5                                              StateTimmer[2][0]=0;
 338   5                                              StateTimmer[2][1]=0;
 339   5                                              StateTimmer[2][2]=0;
 340   5                                              StateTimmer[2][3]=0;
 341   5                                              }
 342   4                                      else if(StateTimmer[2][1]>=WaitTime)
 343   4                                              {
 344   5                                              Rel2=0;
 345   5                                              Led2=0;
 346   5                                              StateTimmer[2][2]=1;
 347   5                                              StateTimmer[2][1]=0;
 348   5                                              StateTimmer[2][3]=0;
 349   5                                              }
 350   4                              
 351   4                                }
 352   3                              else if(StateTimmer[2][3]>=RelayTime)
 353   3                                      {
 354   4                                      Rel2=1;
 355   4                                      Led2=1;
 356   4                                      State[2]=0;
 357   4                                      StateTimmer[2][3]=0;
 358   4                                      StateTimmer[2][2]=0;
 359   4                                      StateTimmer[2][1]=0;
 360   4                                      StateTimmer[2][0]=0;
 361   4                                      }
 362   3                      }               
 363   2                      else
 364   2                      {
 365   3                              StateTimmer[2][0]=1;
C51 COMPILER V7.20   AT_SOURCE                                                             07/21/2009 08:29:05 PAGE 7   

 366   3                              StateTimmer[2][1]=0;  
 367   3                      }
 368   2              }
 369   1      /////////////User3/////////////////////////////////
 370   1              if(State[3]==1)
 371   1              {       
 372   2                      if(StateTimmer[3][0])
 373   2                      {
 374   3                              Add0=1;
 375   3                              Add1=1;         //Address=3
 376   3                              SDelay();
 377   3                              k=0;
 378   3                         if(!StateTimmer[3][2])
 379   3                              {
 380   4                                      while(k<1000)
 381   4                                      {
 382   5                                      k++;
 383   5                                      if(!SPMDetect) break;
 384   5                                      }
 385   4                              
 386   4                                      if(!SPMDetect)
 387   4                                              {
 388   5                                              Led3=1;
 389   5                                              Rel3=1;
 390   5                                              State[3]=2;
 391   5                                              StateTimmer[3][0]=0;
 392   5                                              StateTimmer[3][1]=0;
 393   5                                              StateTimmer[3][2]=0;
 394   5                                              StateTimmer[3][3]=0;
 395   5                                              }
 396   4                                      else if(StateTimmer[3][1]>=WaitTime)
 397   4                                              {
 398   5                                              Rel3=0;
 399   5                                              Led3=0;
 400   5                                              StateTimmer[3][2]=1;
 401   5                                              StateTimmer[3][1]=0;
 402   5                                              StateTimmer[3][3]=0;
 403   5                                              }
 404   4                                      
 405   4                                }
 406   3                         else if(StateTimmer[3][3]>=RelayTime)
 407   3                                      {
 408   4                                      Rel3=1;
 409   4                                      Led3=1;
 410   4                                      State[3]=0;
 411   4                                      StateTimmer[3][3]=0;
 412   4                                      StateTimmer[3][2]=0;
 413   4                                      StateTimmer[3][1]=0;
 414   4                                      StateTimmer[3][0]=0;
 415   4                                      }
 416   3                      }               
 417   2                      else
 418   2                      {
 419   3                              StateTimmer[3][0]=1;
 420   3                              StateTimmer[3][1]=0;  
 421   3                      }
 422   2              }}
 423          
 424                  


MODULE INFORMATION:   STATIC OVERLAYABLE
C51 COMPILER V7.20   AT_SOURCE                                                             07/21/2009 08:29:05 PAGE 8   

   CODE SIZE        =    800    ----
   CONSTANT SIZE    =   ----    ----
   XDATA SIZE       =   ----    ----
   PDATA SIZE       =   ----    ----
   DATA SIZE        =     21       2
   IDATA SIZE       =   ----    ----
   BIT SIZE         =   ----    ----
END OF MODULE INFORMATION.


C51 COMPILATION COMPLETE.  0 WARNING(S),  0 ERROR(S)
